<?xml version="1.0" encoding="UTF-8"?>
<!-- Generated by org.testng.reporters.JUnitXMLReporter -->
<testsuite ignored="0" hostname="Lenovo" failures="0" tests="4" name="Test" time="37.892" errors="0" timestamp="2024-08-27T15:15:56 IST">
  <testcase classname="testCases.TC003_LoginDDT" name="verify_loginDDT" time="2.459"/>
  <testcase classname="testCases.TC003_LoginDDT" name="verify_loginDDT" time="11.459"/>
  <testcase classname="testCases.TC003_LoginDDT" name="verify_loginDDT" time="2.389"/>
  <testcase classname="testCases.TC003_LoginDDT" name="verify_loginDDT" time="11.712"/>
</testsuite> <!-- Test -->
