<?xml version="1.0" encoding="UTF-8"?>
<testng-results ignored="0" total="4" passed="4" failed="0" skipped="0">
  <reporter-output>
  </reporter-output>
  <suite started-at="2024-08-28T14:14:21 IST" name="Suite" finished-at="2024-08-28T14:15:14 IST" duration-ms="53470">
    <groups>
      <group name="datadriven">
        <method signature="TC003_LoginDDT.verify_loginDDT(java.lang.String,java.lang.String,java.lang.String)[pri:0, instance:testCases.TC003_LoginDDT@1817f1eb]" name="verify_loginDDT" class="testCases.TC003_LoginDDT"/>
      </group> <!-- datadriven -->
      <group name="master">
        <method signature="TC003_LoginDDT.verify_loginDDT(java.lang.String,java.lang.String,java.lang.String)[pri:0, instance:testCases.TC003_LoginDDT@1817f1eb]" name="verify_loginDDT" class="testCases.TC003_LoginDDT"/>
      </group> <!-- master -->
    </groups>
    <test started-at="2024-08-28T14:14:21 IST" name="Test" finished-at="2024-08-28T14:15:14 IST" duration-ms="53470">
      <class name="testCases.TC003_LoginDDT">
        <test-method is-config="true" signature="setUp(java.lang.String,java.lang.String)[pri:0, instance:testCases.TC003_LoginDDT@1817f1eb]" started-at="2024-08-28T14:14:21 IST" name="setUp" finished-at="2024-08-28T14:14:36 IST" duration-ms="14929" status="PASS">
          <params>
            <param index="0">
              <value>
                <![CDATA[Windows]]>
              </value>
            </param>
            <param index="1">
              <value>
                <![CDATA[chrome]]>
              </value>
            </param>
          </params>
          <reporter-output>
          </reporter-output>
        </test-method> <!-- setUp -->
        <test-method signature="verify_loginDDT(java.lang.String,java.lang.String,java.lang.String)[pri:0, instance:testCases.TC003_LoginDDT@1817f1eb]" started-at="2024-08-28T14:14:38 IST" name="verify_loginDDT" data-provider="LoginData" finished-at="2024-08-28T14:14:41 IST" duration-ms="2381" status="PASS">
          <params>
            <param index="0">
              <value>
                <![CDATA[testtest@gh.com]]>
              </value>
            </param>
            <param index="1">
              <value>
                <![CDATA[testasd]]>
              </value>
            </param>
            <param index="2">
              <value>
                <![CDATA[valid]]>
              </value>
            </param>
          </params>
          <reporter-output>
          </reporter-output>
        </test-method> <!-- verify_loginDDT -->
        <test-method signature="verify_loginDDT(java.lang.String,java.lang.String,java.lang.String)[pri:0, instance:testCases.TC003_LoginDDT@1817f1eb]" started-at="2024-08-28T14:14:41 IST" name="verify_loginDDT" data-provider="LoginData" finished-at="2024-08-28T14:14:52 IST" duration-ms="11455" status="PASS">
          <params>
            <param index="0">
              <value>
                <![CDATA[test2@gh.com]]>
              </value>
            </param>
            <param index="1">
              <value>
                <![CDATA[abctest]]>
              </value>
            </param>
            <param index="2">
              <value>
                <![CDATA[invalid]]>
              </value>
            </param>
          </params>
          <reporter-output>
          </reporter-output>
        </test-method> <!-- verify_loginDDT -->
        <test-method signature="verify_loginDDT(java.lang.String,java.lang.String,java.lang.String)[pri:0, instance:testCases.TC003_LoginDDT@1817f1eb]" started-at="2024-08-28T14:14:52 IST" name="verify_loginDDT" data-provider="LoginData" finished-at="2024-08-28T14:15:01 IST" duration-ms="8839" status="PASS">
          <params>
            <param index="0">
              <value>
                <![CDATA[abc123@gmail.com]]>
              </value>
            </param>
            <param index="1">
              <value>
                <![CDATA[test@123]]>
              </value>
            </param>
            <param index="2">
              <value>
                <![CDATA[valid]]>
              </value>
            </param>
          </params>
          <reporter-output>
          </reporter-output>
        </test-method> <!-- verify_loginDDT -->
        <test-method signature="verify_loginDDT(java.lang.String,java.lang.String,java.lang.String)[pri:0, instance:testCases.TC003_LoginDDT@1817f1eb]" started-at="2024-08-28T14:15:01 IST" name="verify_loginDDT" data-provider="LoginData" finished-at="2024-08-28T14:15:14 IST" duration-ms="13023" status="PASS">
          <params>
            <param index="0">
              <value>
                <![CDATA[test3@gma.com]]>
              </value>
            </param>
            <param index="1">
              <value>
                <![CDATA[abctest2]]>
              </value>
            </param>
            <param index="2">
              <value>
                <![CDATA[invalid]]>
              </value>
            </param>
          </params>
          <reporter-output>
          </reporter-output>
        </test-method> <!-- verify_loginDDT -->
        <test-method is-config="true" signature="tearDown()[pri:0, instance:testCases.TC003_LoginDDT@1817f1eb]" started-at="2024-08-28T14:15:14 IST" name="tearDown" finished-at="2024-08-28T14:15:14 IST" duration-ms="242" status="PASS">
          <reporter-output>
          </reporter-output>
        </test-method> <!-- tearDown -->
      </class> <!-- testCases.TC003_LoginDDT -->
    </test> <!-- Test -->
  </suite> <!-- Suite -->
</testng-results>
