<?xml version="1.0" encoding="UTF-8"?>
<testng-results ignored="0" total="1" passed="1" failed="0" skipped="0">
  <reporter-output>
  </reporter-output>
  <suite started-at="2024-08-29T18:53:47 IST" name="Suite" finished-at="2024-08-29T18:59:10 IST" duration-ms="322448">
    <groups>
      <group name="regression">
        <method signature="TC001_AccountRegistrationTest.verify_account_registration()[pri:0, instance:testCases.TC001_AccountRegistrationTest@aafcffa]" name="verify_account_registration" class="testCases.TC001_AccountRegistrationTest"/>
      </group> <!-- regression -->
      <group name="master">
        <method signature="TC001_AccountRegistrationTest.verify_account_registration()[pri:0, instance:testCases.TC001_AccountRegistrationTest@aafcffa]" name="verify_account_registration" class="testCases.TC001_AccountRegistrationTest"/>
      </group> <!-- master -->
    </groups>
    <test started-at="2024-08-29T18:53:47 IST" name="Test" finished-at="2024-08-29T18:59:10 IST" duration-ms="322448">
      <class name="testCases.TC001_AccountRegistrationTest">
        <test-method is-config="true" signature="setUp(java.lang.String,java.lang.String)[pri:0, instance:testCases.TC001_AccountRegistrationTest@aafcffa]" started-at="2024-08-29T18:53:48 IST" name="setUp" finished-at="2024-08-29T18:59:05 IST" duration-ms="316878" status="PASS">
          <params>
            <param index="0">
              <value>
                <![CDATA[Windows]]>
              </value>
            </param>
            <param index="1">
              <value>
                <![CDATA[chrome]]>
              </value>
            </param>
          </params>
          <reporter-output>
          </reporter-output>
        </test-method> <!-- setUp -->
        <test-method signature="verify_account_registration()[pri:0, instance:testCases.TC001_AccountRegistrationTest@aafcffa]" started-at="2024-08-29T18:59:05 IST" name="verify_account_registration" finished-at="2024-08-29T18:59:09 IST" duration-ms="4224" status="PASS">
          <reporter-output>
          </reporter-output>
        </test-method> <!-- verify_account_registration -->
        <test-method is-config="true" signature="tearDown()[pri:0, instance:testCases.TC001_AccountRegistrationTest@aafcffa]" started-at="2024-08-29T18:59:09 IST" name="tearDown" finished-at="2024-08-29T18:59:10 IST" duration-ms="454" status="PASS">
          <reporter-output>
          </reporter-output>
        </test-method> <!-- tearDown -->
      </class> <!-- testCases.TC001_AccountRegistrationTest -->
    </test> <!-- Test -->
  </suite> <!-- Suite -->
</testng-results>
